# JRE version: Java(TM) SE Runtime Environment (8.0_91-b14) (build 1.8.0_91-b14)
# Java VM: Java HotSpot(TM) 64-Bit Server VM (25.91-b14 mixed mode linux-amd64 compressed oops)
Heap:
 PSYoungGen      total 24064K, used 1521K [0x00000000f2780000, 0x00000000f4080000, 0x0000000100000000)
  eden space 22528K, 0% used [0x00000000f2780000,0x00000000f2780000,0x00000000f3d80000)
  from space 1536K, 99% used [0x00000000f3d80000,0x00000000f3efc480,0x00000000f3f00000)
  to   space 1536K, 0% used [0x00000000f3f00000,0x00000000f3f00000,0x00000000f4080000)
 ParOldGen       total 28672K, used 8262K [0x00000000d7600000, 0x00000000d9200000, 0x00000000f2780000)
  object space 28672K, 28% used [0x00000000d7600000,0x00000000d7e11908,0x00000000d9200000)
 Metaspace       used 15708K, capacity 15850K, committed 16000K, reserved 1062912K
  class space    used 2640K, capacity 2679K, committed 2688K, reserved 1048576K
GC Heap History (5 events):
Event: 43,499 GC heap before
{Heap before GC invocations=1 (full 0):
 PSYoungGen      total 12800K, used 11264K [0x00000000f2780000, 0x00000000f3580000, 0x0000000100000000)
  eden space 11264K, 100% used [0x00000000f2780000,0x00000000f3280000,0x00000000f3280000)
  from space 1536K, 0% used [0x00000000f3400000,0x00000000f3400000,0x00000000f3580000)
  to   space 1536K, 0% used [0x00000000f3280000,0x00000000f3280000,0x00000000f3400000)
 ParOldGen       total 28672K, used 0K [0x00000000d7600000, 0x00000000d9200000, 0x00000000f2780000)
  object space 28672K, 0% used [0x00000000d7600000,0x00000000d7600000,0x00000000d9200000)
 Metaspace       used 6287K, capacity 7284K, committed 7424K, reserved 1056768K
  class space    used 959K, capacity 1000K, committed 1024K, reserved 1048576K
Event: 44,186 GC heap after
Heap after GC invocations=1 (full 0):
 PSYoungGen      total 12800K, used 1520K [0x00000000f2780000, 0x00000000f4080000, 0x0000000100000000)
  eden space 11264K, 0% used [0x00000000f2780000,0x00000000f2780000,0x00000000f3280000)
  from space 1536K, 98% used [0x00000000f3280000,0x00000000f33fc010,0x00000000f3400000)
  to   space 1536K, 0% used [0x00000000f3f00000,0x00000000f3f00000,0x00000000f4080000)
 ParOldGen       total 28672K, used 1812K [0x00000000d7600000, 0x00000000d9200000, 0x00000000f2780000)
  object space 28672K, 6% used [0x00000000d7600000,0x00000000d77c5118,0x00000000d9200000)
 Metaspace       used 6287K, capacity 7284K, committed 7424K, reserved 1056768K
  class space    used 959K, capacity 1000K, committed 1024K, reserved 1048576K
}
Event: 86,262 GC heap before
{Heap before GC invocations=2 (full 0):
 PSYoungGen      total 12800K, used 12784K [0x00000000f2780000, 0x00000000f4080000, 0x0000000100000000)
  eden space 11264K, 100% used [0x00000000f2780000,0x00000000f3280000,0x00000000f3280000)
  from space 1536K, 98% used [0x00000000f3280000,0x00000000f33fc010,0x00000000f3400000)
  to   space 1536K, 0% used [0x00000000f3f00000,0x00000000f3f00000,0x00000000f4080000)
 ParOldGen       total 28672K, used 1812K [0x00000000d7600000, 0x00000000d9200000, 0x00000000f2780000)
  object space 28672K, 6% used [0x00000000d7600000,0x00000000d77c5118,0x00000000d9200000)
 Metaspace       used 9061K, capacity 9788K, committed 9984K, reserved 1056768K
  class space    used 1673K, capacity 1712K, committed 1792K, reserved 1048576K
Event: 86,691 GC heap after
Heap after GC invocations=2 (full 0):
 PSYoungGen      total 24064K, used 1520K [0x00000000f2780000, 0x00000000f4080000, 0x0000000100000000)
  eden space 22528K, 0% used [0x00000000f2780000,0x00000000f2780000,0x00000000f3d80000)
  from space 1536K, 98% used [0x00000000f3f00000,0x00000000f407c030,0x00000000f4080000)
  to   space 1536K, 0% used [0x00000000f3d80000,0x00000000f3d80000,0x00000000f3f00000)
 ParOldGen       total 28672K, used 4112K [0x00000000d7600000, 0x00000000d9200000, 0x00000000f2780000)
  object space 28672K, 14% used [0x00000000d7600000,0x00000000d7a043a8,0x00000000d9200000)
 Metaspace       used 9061K, capacity 9788K, committed 9984K, reserved 1056768K
  class space    used 1673K, capacity 1712K, committed 1792K, reserved 1048576K
}
Event: 186,431 GC heap before
{Heap before GC invocations=3 (full 0):
 PSYoungGen      total 24064K, used 24048K [0x00000000f2780000, 0x00000000f4080000, 0x0000000100000000)
  eden space 22528K, 100% used [0x00000000f2780000,0x00000000f3d80000,0x00000000f3d80000)
  from space 1536K, 98% used [0x00000000f3f00000,0x00000000f407c030,0x00000000f4080000)
  to   space 1536K, 0% used [0x00000000f3d80000,0x00000000f3d80000,0x00000000f3f00000)
 ParOldGen       total 28672K, used 4112K [0x00000000d7600000, 0x00000000d9200000, 0x00000000f2780000)
  object space 28672K, 14% used [0x00000000d7600000,0x00000000d7a043a8,0x00000000d9200000)
 Metaspace       used 15708K, capacity 15850K, committed 16000K, reserved 1062912K
  class space    used 2640K, capacity 2679K, committed 2688K, reserved 1048576K

