# JRE version: Java(TM) SE Runtime Environment (8.0_91-b14) (build 1.8.0_91-b14)
# Java VM: Java HotSpot(TM) 64-Bit Server VM (25.91-b14 mixed mode linux-amd64 compressed oops)
Heap:
 PSYoungGen      total 24064K, used 1520K [0x00000000f2780000, 0x00000000f4080000, 0x0000000100000000)
  eden space 22528K, 0% used [0x00000000f2780000,0x00000000f2780000,0x00000000f3d80000)
  from space 1536K, 98% used [0x00000000f3d80000,0x00000000f3efc030,0x00000000f3f00000)
  to   space 1536K, 0% used [0x00000000f3f00000,0x00000000f3f00000,0x00000000f4080000)
 ParOldGen       total 28672K, used 11943K [0x00000000d7600000, 0x00000000d9200000, 0x00000000f2780000)
  object space 28672K, 41% used [0x00000000d7600000,0x00000000d81a9c18,0x00000000d9200000)
 Metaspace       used 19194K, capacity 19402K, committed 19712K, reserved 1064960K
  class space    used 3417K, capacity 3458K, committed 3584K, reserved 1048576K
GC Heap History (9 events):
Event: 9,918 GC heap before
{Heap before GC invocations=1 (full 0):
 PSYoungGen      total 12800K, used 11264K [0x00000000f2780000, 0x00000000f3580000, 0x0000000100000000)
  eden space 11264K, 100% used [0x00000000f2780000,0x00000000f3280000,0x00000000f3280000)
  from space 1536K, 0% used [0x00000000f3400000,0x00000000f3400000,0x00000000f3580000)
  to   space 1536K, 0% used [0x00000000f3280000,0x00000000f3280000,0x00000000f3400000)
 ParOldGen       total 28672K, used 0K [0x00000000d7600000, 0x00000000d9200000, 0x00000000f2780000)
  object space 28672K, 0% used [0x00000000d7600000,0x00000000d7600000,0x00000000d9200000)
 Metaspace       used 6288K, capacity 7284K, committed 7424K, reserved 1056768K
  class space    used 959K, capacity 1000K, committed 1024K, reserved 1048576K
Event: 9,962 GC heap after
Heap after GC invocations=1 (full 0):
 PSYoungGen      total 12800K, used 1520K [0x00000000f2780000, 0x00000000f3580000, 0x0000000100000000)
  eden space 11264K, 0% used [0x00000000f2780000,0x00000000f2780000,0x00000000f3280000)
  from space 1536K, 98% used [0x00000000f3280000,0x00000000f33fc030,0x00000000f3400000)
  to   space 1536K, 0% used [0x00000000f3400000,0x00000000f3400000,0x00000000f3580000)
 ParOldGen       total 28672K, used 1832K [0x00000000d7600000, 0x00000000d9200000, 0x00000000f2780000)
  object space 28672K, 6% used [0x00000000d7600000,0x00000000d77ca128,0x00000000d9200000)
 Metaspace       used 6288K, capacity 7284K, committed 7424K, reserved 1056768K
  class space    used 959K, capacity 1000K, committed 1024K, reserved 1048576K
}
Event: 15,428 GC heap before
{Heap before GC invocations=2 (full 0):
 PSYoungGen      total 12800K, used 12784K [0x00000000f2780000, 0x00000000f3580000, 0x0000000100000000)
  eden space 11264K, 100% used [0x00000000f2780000,0x00000000f3280000,0x00000000f3280000)
  from space 1536K, 98% used [0x00000000f3280000,0x00000000f33fc030,0x00000000f3400000)
  to   space 1536K, 0% used [0x00000000f3400000,0x00000000f3400000,0x00000000f3580000)
 ParOldGen       total 28672K, used 1832K [0x00000000d7600000, 0x00000000d9200000, 0x00000000f2780000)
  object space 28672K, 6% used [0x00000000d7600000,0x00000000d77ca128,0x00000000d9200000)
 Metaspace       used 9052K, capacity 9788K, committed 9984K, reserved 1056768K
  class space    used 1673K, capacity 1712K, committed 1792K, reserved 1048576K
Event: 15,553 GC heap after
Heap after GC invocations=2 (full 0):
 PSYoungGen      total 12800K, used 1504K [0x00000000f2780000, 0x00000000f4080000, 0x0000000100000000)
  eden space 11264K, 0% used [0x00000000f2780000,0x00000000f2780000,0x00000000f3280000)
  from space 1536K, 97% used [0x00000000f3400000,0x00000000f3578020,0x00000000f3580000)
  to   space 1536K, 0% used [0x00000000f3280000,0x00000000f3280000,0x00000000f3400000)
 ParOldGen       total 28672K, used 4173K [0x00000000d7600000, 0x00000000d9200000, 0x00000000f2780000)
  object space 28672K, 14% used [0x00000000d7600000,0x00000000d7a13548,0x00000000d9200000)
 Metaspace       used 9052K, capacity 9788K, committed 9984K, reserved 1056768K
  class space    used 1673K, capacity 1712K, committed 1792K, reserved 1048576K
}
Event: 19,549 GC heap before
{Heap before GC invocations=3 (full 0):
 PSYoungGen      total 12800K, used 12768K [0x00000000f2780000, 0x00000000f4080000, 0x0000000100000000)
  eden space 11264K, 100% used [0x00000000f2780000,0x00000000f3280000,0x00000000f3280000)
  from space 1536K, 97% used [0x00000000f3400000,0x00000000f3578020,0x00000000f3580000)
  to   space 1536K, 0% used [0x00000000f3280000,0x00000000f3280000,0x00000000f3400000)
 ParOldGen       total 28672K, used 4173K [0x00000000d7600000, 0x00000000d9200000, 0x00000000f2780000)
  object space 28672K, 14% used [0x00000000d7600000,0x00000000d7a13548,0x00000000d9200000)
 Metaspace       used 10984K, capacity 11324K, committed 11648K, reserved 1058816K
  class space    used 2044K, capacity 2096K, committed 2176K, reserved 1048576K
Event: 19,659 GC heap after
Heap after GC invocations=3 (full 0):
 PSYoungGen      total 12800K, used 1520K [0x00000000f2780000, 0x00000000f4080000, 0x0000000100000000)
  eden space 11264K, 0% used [0x00000000f2780000,0x00000000f2780000,0x00000000f3280000)
  from space 1536K, 98% used [0x00000000f3280000,0x00000000f33fc030,0x00000000f3400000)
  to   space 1536K, 0% used [0x00000000f3f00000,0x00000000f3f00000,0x00000000f4080000)
 ParOldGen       total 28672K, used 6091K [0x00000000d7600000, 0x00000000d9200000, 0x00000000f2780000)
  object space 28672K, 21% used [0x00000000d7600000,0x00000000d7bf2d78,0x00000000d9200000)
 Metaspace       used 10984K, capacity 11324K, committed 11648K, reserved 1058816K
  class space    used 2044K, capacity 2096K, committed 2176K, reserved 1048576K
}
Event: 24,786 GC heap before
{Heap before GC invocations=4 (full 0):
 PSYoungGen      total 12800K, used 12784K [0x00000000f2780000, 0x00000000f4080000, 0x0000000100000000)
  eden space 11264K, 100% used [0x00000000f2780000,0x00000000f3280000,0x00000000f3280000)
  from space 1536K, 98% used [0x00000000f3280000,0x00000000f33fc030,0x00000000f3400000)
  to   space 1536K, 0% used [0x00000000f3f00000,0x00000000f3f00000,0x00000000f4080000)
 ParOldGen       total 28672K, used 6091K [0x00000000d7600000, 0x00000000d9200000, 0x00000000f2780000)
  object space 28672K, 21% used [0x00000000d7600000,0x00000000d7bf2d78,0x00000000d9200000)
 Metaspace       used 15710K, capacity 15850K, committed 16000K, reserved 1062912K
  class space    used 2640K, capacity 2679K, committed 2688K, reserved 1048576K
Event: 25,095 GC heap after
Heap after GC invocations=4 (full 0):
 PSYoungGen      total 24064K, used 1504K [0x00000000f2780000, 0x00000000f4080000, 0x0000000100000000)
  eden space 22528K, 0% used [0x00000000f2780000,0x00000000f2780000,0x00000000f3d80000)
  from space 1536K, 97% used [0x00000000f3f00000,0x00000000f4078020,0x00000000f4080000)
  to   space 1536K, 0% used [0x00000000f3d80000,0x00000000f3d80000,0x00000000f3f00000)
 ParOldGen       total 28672K, used 8333K [0x00000000d7600000, 0x00000000d9200000, 0x00000000f2780000)
  object space 28672K, 29% used [0x00000000d7600000,0x00000000d7e23618,0x00000000d9200000)
 Metaspace       used 15710K, capacity 15850K, committed 16000K, reserved 1062912K
  class space    used 2640K, capacity 2679K, committed 2688K, reserved 1048576K
}
Event: 49,594 GC heap before
{Heap before GC invocations=5 (full 0):
 PSYoungGen      total 24064K, used 24032K [0x00000000f2780000, 0x00000000f4080000, 0x0000000100000000)
  eden space 22528K, 100% used [0x00000000f2780000,0x00000000f3d80000,0x00000000f3d80000)
  from space 1536K, 97% used [0x00000000f3f00000,0x00000000f4078020,0x00000000f4080000)
  to   space 1536K, 0% used [0x00000000f3d80000,0x00000000f3d80000,0x00000000f3f00000)
 ParOldGen       total 28672K, used 8333K [0x00000000d7600000, 0x00000000d9200000, 0x00000000f2780000)
  object space 28672K, 29% used [0x00000000d7600000,0x00000000d7e23618,0x00000000d9200000)
 Metaspace       used 19194K, capacity 19402K, committed 19712K, reserved 1064960K
  class space    used 3417K, capacity 3458K, committed 3584K, reserved 1048576K

